<?xml version="1.0" encoding="UTF-8"?>
<testng-results ignored="0" total="1" passed="1" failed="0" skipped="0">
  <reporter-output>
  </reporter-output>
  <suite started-at="2020-01-21T18:18:00Z" name="Default suite" finished-at="2020-01-21T18:18:01Z" duration-ms="916">
    <groups>
      <group name="cucumber">
        <method signature="AbstractTestNGCucumberTests.feature(cucumber.api.testng.CucumberFeatureWrapper)[pri:0, instance:runTest@d6e7bab]" name="feature" class="cucumber.api.testng.AbstractTestNGCucumberTests"/>
      </group> <!-- cucumber -->
    </groups>
    <test started-at="2020-01-21T18:18:00Z" name="Default test" finished-at="2020-01-21T18:18:01Z" duration-ms="916">
      <class name="runTest">
        <test-method is-config="true" signature="setUpClass()[pri:0, instance:runTest@d6e7bab]" started-at="2020-01-21T18:18:00Z" name="setUpClass" finished-at="2020-01-21T18:18:00Z" duration-ms="527" status="PASS">
          <reporter-output>
          </reporter-output>
        </test-method> <!-- setUpClass -->
        <test-method signature="feature(cucumber.api.testng.CucumberFeatureWrapper)[pri:0, instance:runTest@d6e7bab]" started-at="2020-01-21T18:18:01Z" name="feature" description="Runs Cucumber Feature" data-provider="features" finished-at="2020-01-21T18:18:01Z" duration-ms="24" status="PASS">
          <params>
            <param index="0">
              <value>
                <![CDATA[Home Screen]]>
              </value>
            </param>
          </params>
          <reporter-output>
          </reporter-output>
        </test-method> <!-- feature -->
        <test-method is-config="true" signature="tearDownClass()[pri:0, instance:runTest@d6e7bab]" started-at="2020-01-21T18:18:01Z" name="tearDownClass" finished-at="2020-01-21T18:18:01Z" duration-ms="24" status="PASS">
          <reporter-output>
          </reporter-output>
        </test-method> <!-- tearDownClass -->
      </class> <!-- runTest -->
    </test> <!-- Default test -->
  </suite> <!-- Default suite -->
</testng-results>
